{"/Users/aryankanwar/Desktop/LockebIO/src/index.ts": {"path":"/Users/aryankanwar/Desktop/LockebIO/src/index.ts","statementMap":{"0":{"start":{"line":11,"column":12},"end":{"line":11,"column":21}},"1":{"start":{"line":13,"column":0},"end":{"line":15,"column":6}},"2":{"start":{"line":17,"column":2},"end":{"line":17,"column":25}},"3":{"start":{"line":18,"column":2},"end":{"line":18,"column":26}},"4":{"start":{"line":19,"column":2},"end":{"line":19,"column":29}},"5":{"start":{"line":21,"column":17},"end":{"line":21,"column":39}},"6":{"start":{"line":23,"column":2},"end":{"line":25,"column":5}},"7":{"start":{"line":24,"column":4},"end":{"line":24,"column":60}},"8":{"start":{"line":27,"column":2},"end":{"line":27,"column":26}}},"fnMap":{"0":{"name":"(anonymous_0)","decl":{"start":{"line":23,"column":22},"end":{"line":23,"column":23}},"loc":{"start":{"line":23,"column":28},"end":{"line":25,"column":3}},"line":23}},"branchMap":{},"s":{"0":1,"1":1,"2":1,"3":1,"4":1,"5":1,"6":1,"7":1,"8":1},"f":{"0":1},"b":{},"_coverageSchema":"1a1c01bbd47fc00a2c39e90264f33305004495a9","hash":"181ea0fca8a752a25154a124a0ab0321ce884585"}
,"/Users/aryankanwar/Desktop/LockebIO/src/controllers/orders.ts": {"path":"/Users/aryankanwar/Desktop/LockebIO/src/controllers/orders.ts","statementMap":{"0":{"start":{"line":7,"column":27},"end":{"line":7,"column":106}},"1":{"start":{"line":11,"column":4},"end":{"line":11,"column":46}},"2":{"start":{"line":17,"column":27},"end":{"line":32,"column":1}},"3":{"start":{"line":18,"column":21},"end":{"line":18,"column":40}},"4":{"start":{"line":19,"column":31},"end":{"line":19,"column":39}},"5":{"start":{"line":21,"column":20},"end":{"line":21,"column":48}},"6":{"start":{"line":22,"column":20},"end":{"line":22,"column":45}},"7":{"start":{"line":24,"column":21},"end":{"line":24,"column":76}},"8":{"start":{"line":26,"column":25},"end":{"line":29,"column":5}},"9":{"start":{"line":31,"column":4},"end":{"line":31,"column":39}},"10":{"start":{"line":36,"column":24},"end":{"line":50,"column":1}},"11":{"start":{"line":37,"column":4},"end":{"line":49,"column":5}},"12":{"start":{"line":39,"column":25},"end":{"line":39,"column":44}},"13":{"start":{"line":40,"column":25},"end":{"line":40,"column":72}},"14":{"start":{"line":42,"column":27},"end":{"line":42,"column":40}},"15":{"start":{"line":44,"column":8},"end":{"line":44,"column":45}},"16":{"start":{"line":47,"column":8},"end":{"line":47,"column":63}},"17":{"start":{"line":48,"column":8},"end":{"line":48,"column":65}},"18":{"start":{"line":53,"column":28},"end":{"line":68,"column":1}},"19":{"start":{"line":54,"column":21},"end":{"line":54,"column":40}},"20":{"start":{"line":55,"column":20},"end":{"line":55,"column":38}},"21":{"start":{"line":56,"column":4},"end":{"line":67,"column":5}},"22":{"start":{"line":58,"column":25},"end":{"line":58,"column":82}},"23":{"start":{"line":60,"column":22},"end":{"line":60,"column":35}},"24":{"start":{"line":62,"column":8},"end":{"line":62,"column":40}},"25":{"start":{"line":65,"column":8},"end":{"line":65,"column":79}},"26":{"start":{"line":66,"column":8},"end":{"line":66,"column":59}}},"fnMap":{"0":{"name":"createOrderHandler","decl":{"start":{"line":10,"column":9},"end":{"line":10,"column":27}},"loc":{"start":{"line":10,"column":46},"end":{"line":12,"column":1}},"line":10},"1":{"name":"(anonymous_1)","decl":{"start":{"line":17,"column":27},"end":{"line":17,"column":28}},"loc":{"start":{"line":17,"column":66},"end":{"line":32,"column":1}},"line":17},"2":{"name":"(anonymous_2)","decl":{"start":{"line":36,"column":24},"end":{"line":36,"column":25}},"loc":{"start":{"line":36,"column":63},"end":{"line":50,"column":1}},"line":36},"3":{"name":"(anonymous_3)","decl":{"start":{"line":53,"column":28},"end":{"line":53,"column":29}},"loc":{"start":{"line":53,"column":67},"end":{"line":68,"column":1}},"line":53}},"branchMap":{},"s":{"0":1,"1":1,"2":1,"3":1,"4":1,"5":1,"6":1,"7":1,"8":1,"9":1,"10":1,"11":1,"12":1,"13":1,"14":1,"15":1,"16":0,"17":0,"18":1,"19":1,"20":1,"21":1,"22":1,"23":1,"24":1,"25":0,"26":0},"f":{"0":1,"1":1,"2":1,"3":1},"b":{},"_coverageSchema":"1a1c01bbd47fc00a2c39e90264f33305004495a9","hash":"ca983ebf668c10c28bd8e60c0cb09b185ddc75c0"}
,"/Users/aryankanwar/Desktop/LockebIO/src/controllers/pharamcy.ts": {"path":"/Users/aryankanwar/Desktop/LockebIO/src/controllers/pharamcy.ts","statementMap":{"0":{"start":{"line":5,"column":17},"end":{"line":5,"column":95}},"1":{"start":{"line":8,"column":28},"end":{"line":21,"column":1}},"2":{"start":{"line":9,"column":4},"end":{"line":20,"column":5}},"3":{"start":{"line":11,"column":25},"end":{"line":11,"column":64}},"4":{"start":{"line":13,"column":27},"end":{"line":13,"column":40}},"5":{"start":{"line":15,"column":8},"end":{"line":15,"column":45}},"6":{"start":{"line":18,"column":8},"end":{"line":18,"column":67}},"7":{"start":{"line":19,"column":8},"end":{"line":19,"column":65}}},"fnMap":{"0":{"name":"(anonymous_0)","decl":{"start":{"line":8,"column":28},"end":{"line":8,"column":29}},"loc":{"start":{"line":8,"column":67},"end":{"line":21,"column":1}},"line":8}},"branchMap":{},"s":{"0":1,"1":1,"2":1,"3":1,"4":1,"5":1,"6":0,"7":0},"f":{"0":1},"b":{},"_coverageSchema":"1a1c01bbd47fc00a2c39e90264f33305004495a9","hash":"4849a7cf257a151b01075a1045b83c93b11e1a79"}
,"/Users/aryankanwar/Desktop/LockebIO/src/controllers/pharmacyOrderHandler.ts": {"path":"/Users/aryankanwar/Desktop/LockebIO/src/controllers/pharmacyOrderHandler.ts","statementMap":{"0":{"start":{"line":8,"column":8},"end":{"line":27,"column":9}},"1":{"start":{"line":10,"column":16},"end":{"line":12,"column":17}},"2":{"start":{"line":11,"column":20},"end":{"line":11,"column":61}},"3":{"start":{"line":13,"column":16},"end":{"line":13,"column":22}},"4":{"start":{"line":15,"column":16},"end":{"line":17,"column":17}},"5":{"start":{"line":16,"column":20},"end":{"line":16,"column":59}},"6":{"start":{"line":18,"column":16},"end":{"line":18,"column":22}},"7":{"start":{"line":20,"column":16},"end":{"line":22,"column":17}},"8":{"start":{"line":21,"column":20},"end":{"line":21,"column":60}},"9":{"start":{"line":23,"column":16},"end":{"line":23,"column":22}},"10":{"start":{"line":26,"column":16},"end":{"line":26,"column":78}},"11":{"start":{"line":31,"column":8},"end":{"line":43,"column":10}},"12":{"start":{"line":47,"column":8},"end":{"line":59,"column":10}},"13":{"start":{"line":63,"column":8},"end":{"line":75,"column":10}}},"fnMap":{"0":{"name":"(anonymous_0)","decl":{"start":{"line":5,"column":4},"end":{"line":5,"column":5}},"loc":{"start":{"line":5,"column":46},"end":{"line":5,"column":48}},"line":5},"1":{"name":"(anonymous_1)","decl":{"start":{"line":7,"column":4},"end":{"line":7,"column":5}},"loc":{"start":{"line":7,"column":36},"end":{"line":28,"column":5}},"line":7},"2":{"name":"(anonymous_2)","decl":{"start":{"line":30,"column":4},"end":{"line":30,"column":5}},"loc":{"start":{"line":30,"column":65},"end":{"line":44,"column":5}},"line":30},"3":{"name":"(anonymous_3)","decl":{"start":{"line":46,"column":4},"end":{"line":46,"column":5}},"loc":{"start":{"line":46,"column":61},"end":{"line":60,"column":5}},"line":46},"4":{"name":"(anonymous_4)","decl":{"start":{"line":62,"column":4},"end":{"line":62,"column":5}},"loc":{"start":{"line":62,"column":63},"end":{"line":76,"column":5}},"line":62}},"branchMap":{"0":{"loc":{"start":{"line":8,"column":8},"end":{"line":27,"column":9}},"type":"switch","locations":[{"start":{"line":9,"column":12},"end":{"line":13,"column":22}},{"start":{"line":14,"column":12},"end":{"line":18,"column":22}},{"start":{"line":19,"column":12},"end":{"line":23,"column":22}},{"start":{"line":25,"column":12},"end":{"line":26,"column":78}}],"line":8},"1":{"loc":{"start":{"line":10,"column":16},"end":{"line":12,"column":17}},"type":"if","locations":[{"start":{"line":10,"column":16},"end":{"line":12,"column":17}},{"start":{},"end":{}}],"line":10},"2":{"loc":{"start":{"line":10,"column":20},"end":{"line":10,"column":115}},"type":"binary-expr","locations":[{"start":{"line":10,"column":20},"end":{"line":10,"column":47}},{"start":{"line":10,"column":51},"end":{"line":10,"column":79}},{"start":{"line":10,"column":83},"end":{"line":10,"column":115}}],"line":10},"3":{"loc":{"start":{"line":15,"column":16},"end":{"line":17,"column":17}},"type":"if","locations":[{"start":{"line":15,"column":16},"end":{"line":17,"column":17}},{"start":{},"end":{}}],"line":15},"4":{"loc":{"start":{"line":15,"column":20},"end":{"line":15,"column":107}},"type":"binary-expr","locations":[{"start":{"line":15,"column":20},"end":{"line":15,"column":45}},{"start":{"line":15,"column":49},"end":{"line":15,"column":75}},{"start":{"line":15,"column":79},"end":{"line":15,"column":107}}],"line":15},"5":{"loc":{"start":{"line":20,"column":16},"end":{"line":22,"column":17}},"type":"if","locations":[{"start":{"line":20,"column":16},"end":{"line":22,"column":17}},{"start":{},"end":{}}],"line":20},"6":{"loc":{"start":{"line":20,"column":20},"end":{"line":20,"column":108}},"type":"binary-expr","locations":[{"start":{"line":20,"column":20},"end":{"line":20,"column":46}},{"start":{"line":20,"column":50},"end":{"line":20,"column":77}},{"start":{"line":20,"column":81},"end":{"line":20,"column":108}}],"line":20}},"s":{"0":1,"1":0,"2":0,"3":0,"4":1,"5":1,"6":0,"7":0,"8":0,"9":0,"10":0,"11":0,"12":1,"13":0},"f":{"0":1,"1":1,"2":0,"3":1,"4":0},"b":{"0":[0,1,0,0],"1":[0,0],"2":[0,0,0],"3":[1,0],"4":[1,1,1],"5":[0,0],"6":[0,0,0]},"_coverageSchema":"1a1c01bbd47fc00a2c39e90264f33305004495a9","hash":"c228f0a1b9fdb2d8a87ee89ef9331eb0760e3e15"}
,"/Users/aryankanwar/Desktop/LockebIO/src/interfaces/orderInterfaces.ts": {"path":"/Users/aryankanwar/Desktop/LockebIO/src/interfaces/orderInterfaces.ts","statementMap":{},"fnMap":{},"branchMap":{},"s":{},"f":{},"b":{}}
,"/Users/aryankanwar/Desktop/LockebIO/src/routers/index.ts": {"path":"/Users/aryankanwar/Desktop/LockebIO/src/routers/index.ts","statementMap":{"0":{"start":{"line":7,"column":15},"end":{"line":7,"column":31}},"1":{"start":{"line":10,"column":2},"end":{"line":10,"column":19}},"2":{"start":{"line":11,"column":2},"end":{"line":11,"column":17}},"3":{"start":{"line":12,"column":2},"end":{"line":12,"column":16}}},"fnMap":{"0":{"name":"(anonymous_0)","decl":{"start":{"line":9,"column":15},"end":{"line":9,"column":16}},"loc":{"start":{"line":9,"column":37},"end":{"line":13,"column":1}},"line":9}},"branchMap":{},"s":{"0":1,"1":1,"2":1,"3":1},"f":{"0":1},"b":{},"_coverageSchema":"1a1c01bbd47fc00a2c39e90264f33305004495a9","hash":"57508244f441b47817211f43f149f83d1c472504"}
,"/Users/aryankanwar/Desktop/LockebIO/src/routers/orders.ts": {"path":"/Users/aryankanwar/Desktop/LockebIO/src/routers/orders.ts","statementMap":{"0":{"start":{"line":6,"column":2},"end":{"line":6,"column":53}},"1":{"start":{"line":7,"column":2},"end":{"line":7,"column":44}},"2":{"start":{"line":8,"column":2},"end":{"line":8,"column":57}}},"fnMap":{"0":{"name":"(anonymous_0)","decl":{"start":{"line":5,"column":15},"end":{"line":5,"column":16}},"loc":{"start":{"line":5,"column":43},"end":{"line":10,"column":1}},"line":5}},"branchMap":{},"s":{"0":1,"1":1,"2":1},"f":{"0":1},"b":{},"_coverageSchema":"1a1c01bbd47fc00a2c39e90264f33305004495a9","hash":"2a2cb75642c73fce089440626b821e3e0243d9d9"}
,"/Users/aryankanwar/Desktop/LockebIO/src/routers/pharmacy.ts": {"path":"/Users/aryankanwar/Desktop/LockebIO/src/routers/pharmacy.ts","statementMap":{"0":{"start":{"line":6,"column":2},"end":{"line":6,"column":43}}},"fnMap":{"0":{"name":"(anonymous_0)","decl":{"start":{"line":5,"column":15},"end":{"line":5,"column":16}},"loc":{"start":{"line":5,"column":43},"end":{"line":7,"column":1}},"line":5}},"branchMap":{},"s":{"0":1},"f":{"0":1},"b":{},"_coverageSchema":"1a1c01bbd47fc00a2c39e90264f33305004495a9","hash":"629feb27fabbf51701a80d6351c7d645a0948cbc"}
}
